{"level":"info","msg":"Starting Email Consumer......","time":"2020-05-24T23:51:38Z"}
{"level":"info","msg":"Created Consumer rdkafka#consumer-1","time":"2020-05-24T23:51:38Z"}
{"level":"info","msg":"Starting Phone Consumer......","time":"2020-05-24T23:51:41Z"}
{"level":"info","msg":"Created Consumer rdkafka#consumer-1","time":"2020-05-24T23:51:41Z"}
{"level":"info","msg":"% Message on Phone[0]@11:\n{\"request_id\":\"4\",\"topic_name\":\"Phone\",\"message_body\":\"Transaction Successful\",\"transaction_id\":\"987456321\",\"email\":\"kafka@gopostman.com\",\"phone\":\"9876543210\",\"customer_id\":\"1\",\"key\":\"123\",\"pubMessageType\":\"0\",\"pubPartition\":\"1\"}","time":"2020-05-24T23:51:45Z"}
{"level":"info","msg":"% Message on Email[2]@15:\n{\"request_id\":\"4\",\"topic_name\":\"Email\",\"message_body\":\"Transaction Successful\",\"transaction_id\":\"987456321\",\"email\":\"kafka@gopostman.com\",\"phone\":\"9876543210\",\"customer_id\":\"1\",\"key\":\"123\",\"pubMessageType\":\"0\",\"pubPartition\":\"1\"}","time":"2020-05-24T23:52:27Z"}
{"level":"info","msg":"Starting Email Consumer......","time":"2020-05-25T00:07:45Z"}
{"level":"info","msg":"Created Consumer rdkafka#consumer-1","time":"2020-05-25T00:07:45Z"}
{"level":"info","msg":"% Message on Email[2]@15:\n{\"request_id\":\"4\",\"topic_name\":\"Email\",\"message_body\":\"Transaction Successful\",\"transaction_id\":\"987456321\",\"email\":\"kafka@gopostman.com\",\"phone\":\"9876543210\",\"customer_id\":\"1\",\"key\":\"123\",\"pubMessageType\":\"0\",\"pubPartition\":\"1\"}","time":"2020-05-25T00:07:48Z"}
{"level":"info","msg":"% Message on Email[3]@22:\n{\"request_id\":\"5\",\"topic_name\":\"Email\",\"message_body\":\"Transaction Successful\",\"transaction_id\":\"987456321\",\"email\":\"kafka@gopostman.com\",\"phone\":\"9876543210\",\"customer_id\":\"1\",\"key\":\"123\",\"pubMessageType\":\"0\",\"pubPartition\":\"1\"}","time":"2020-05-25T00:08:03Z"}
{"level":"info","msg":"Starting Phone Consumer......","time":"2020-05-25T00:08:09Z"}
{"level":"info","msg":"Created Consumer rdkafka#consumer-1","time":"2020-05-25T00:08:09Z"}
{"level":"info","msg":"% Message on Phone[0]@11:\n{\"request_id\":\"4\",\"topic_name\":\"Phone\",\"message_body\":\"Transaction Successful\",\"transaction_id\":\"987456321\",\"email\":\"kafka@gopostman.com\",\"phone\":\"9876543210\",\"customer_id\":\"1\",\"key\":\"123\",\"pubMessageType\":\"0\",\"pubPartition\":\"1\"}","time":"2020-05-25T00:08:12Z"}
{"level":"info","msg":"% Message on Phone[0]@12:\n{\"request_id\":\"4\",\"topic_name\":\"Phone\",\"message_body\":\"Transaction Successful\",\"transaction_id\":\"987456321\",\"email\":\"kafka@gopostman.com\",\"phone\":\"9876543210\",\"customer_id\":\"1\",\"key\":\"123\",\"pubMessageType\":\"0\",\"pubPartition\":\"1\"}","time":"2020-05-25T00:08:12Z"}
{"level":"info","msg":"% Message on Phone[2]@10:\n{\"request_id\":\"5\",\"topic_name\":\"Phone\",\"message_body\":\"Transaction Successful\",\"transaction_id\":\"987456321\",\"email\":\"kafka@gopostman.com\",\"phone\":\"9876543210\",\"customer_id\":\"1\",\"key\":\"123\",\"pubMessageType\":\"0\",\"pubPartition\":\"1\"}","time":"2020-05-25T00:08:18Z"}
{"level":"info","msg":"Caught signal interrupt: terminating","time":"2020-05-25T00:08:32Z"}
{"level":"info","msg":"Closing consumer","time":"2020-05-25T00:08:32Z"}
{"level":"info","msg":"Caught signal interrupt: terminating","time":"2020-05-25T00:08:36Z"}
{"level":"info","msg":"Closing consumer","time":"2020-05-25T00:08:36Z"}
{"level":"info","msg":"Starting Phone Consumer......","time":"2020-05-25T00:10:29Z"}
{"level":"info","msg":"Created Consumer rdkafka#consumer-1","time":"2020-05-25T00:10:29Z"}
{"level":"info","msg":"Caught signal interrupt: terminating","time":"2020-05-25T00:10:33Z"}
{"level":"info","msg":"Closing consumer","time":"2020-05-25T00:10:33Z"}
{"level":"info","msg":"Starting Email Consumer......","time":"2020-05-25T00:10:39Z"}
{"level":"info","msg":"Created Consumer rdkafka#consumer-1","time":"2020-05-25T00:10:39Z"}
{"level":"info","msg":"Starting Phone Consumer......","time":"2020-05-25T00:10:46Z"}
{"level":"info","msg":"Created Consumer rdkafka#consumer-1","time":"2020-05-25T00:10:46Z"}
{"level":"info","msg":"% Message on Email[1]@20:\n{\"request_id\":\"5\",\"topic_name\":\"Email\",\"message_body\":\"Transaction Successful\",\"transaction_id\":\"987456321\",\"email\":\"kafka@gopostman.com\",\"phone\":\"9876543210\",\"customer_id\":\"1\",\"key\":\"123\",\"pubMessageType\":\"0\",\"pubPartition\":\"1\"}","time":"2020-05-25T00:11:14Z"}
{"level":"info","msg":"Starting Email Consumer......","time":"2020-05-25T00:17:46Z"}
{"level":"info","msg":"Created Consumer rdkafka#consumer-1","time":"2020-05-25T00:17:46Z"}
{"level":"info","msg":"% Message on Email[1]@20:\n{\"request_id\":\"5\",\"topic_name\":\"Email\",\"message_body\":\"Transaction Successful\",\"transaction_id\":\"987456321\",\"email\":\"kafka@gopostman.com\",\"phone\":\"9876543210\",\"customer_id\":\"1\",\"key\":\"123\",\"pubMessageType\":\"0\",\"pubPartition\":\"1\"}","time":"2020-05-25T00:17:49Z"}
{"level":"info","msg":"Starting Email Consumer......","time":"2020-05-25T00:33:41Z"}
{"level":"info","msg":"Created Consumer rdkafka#consumer-1","time":"2020-05-25T00:33:41Z"}
{"level":"info","msg":"% Message on Email[1]@20:\n{\"request_id\":\"5\",\"topic_name\":\"Email\",\"message_body\":\"Transaction Successful\",\"transaction_id\":\"987456321\",\"email\":\"kafka@gopostman.com\",\"phone\":\"9876543210\",\"customer_id\":\"1\",\"key\":\"123\",\"pubMessageType\":\"0\",\"pubPartition\":\"1\"}","time":"2020-05-25T00:33:44Z"}
{"level":"info","msg":"% Message on Email[1]@21:\n{\"request_id\":\"6\",\"topic_name\":\"Email\",\"message_body\":\"Transaction Successful\",\"transaction_id\":\"987456321\",\"email\":\"kafka@gopostman.com\",\"phone\":\"9876543210\",\"customer_id\":\"1\",\"key\":\"123\",\"pubMessageType\":\"0\",\"pubPartition\":\"1\"}","time":"2020-05-25T00:33:47Z"}
{"level":"info","msg":"% Message on Email[3]@23:\n{\"request_id\":\"7\",\"topic_name\":\"Email\",\"message_body\":\"Transaction Successful\",\"transaction_id\":\"987456321\",\"email\":\"kafka@gopostman.com\",\"phone\":\"9876543210\",\"customer_id\":\"1\",\"key\":\"123\",\"pubMessageType\":\"0\",\"pubPartition\":\"1\"}","time":"2020-05-25T00:35:33Z"}
{"level":"info","msg":"% Message on Email[1]@22:\n{\"request_id\":\"8\",\"topic_name\":\"Email\",\"message_body\":\"Transaction Successful\",\"transaction_id\":\"987456321\",\"email\":\"kafka@gopostman.com\",\"phone\":\"9876543210\",\"customer_id\":\"1\",\"key\":\"123\",\"pubMessageType\":\"0\",\"pubPartition\":\"1\"}","time":"2020-05-25T00:35:50Z"}
{"level":"info","msg":"Starting Email Consumer......","time":"2020-05-25T00:36:34Z"}
{"level":"info","msg":"Created Consumer rdkafka#consumer-1","time":"2020-05-25T00:36:34Z"}
{"level":"info","msg":"% Message on Email[1]@22:\n{\"request_id\":\"8\",\"topic_name\":\"Email\",\"message_body\":\"Transaction Successful\",\"transaction_id\":\"987456321\",\"email\":\"kafka@gopostman.com\",\"phone\":\"9876543210\",\"customer_id\":\"1\",\"key\":\"123\",\"pubMessageType\":\"0\",\"pubPartition\":\"1\"}","time":"2020-05-25T00:36:37Z"}
{"level":"info","msg":"Message: Transaction Successful sent successfully to kafka@gopostman.com. Request ID: 8","time":"2020-05-25T00:36:37Z"}
{"level":"info","msg":"% Message on Email[2]@16:\n{\"request_id\":\"9\",\"topic_name\":\"Email\",\"message_body\":\"Transaction Successful\",\"transaction_id\":\"987456321\",\"email\":\"kafka@gopostman.com\",\"phone\":\"9876543210\",\"customer_id\":\"1\",\"key\":\"123\",\"pubMessageType\":\"0\",\"pubPartition\":\"1\"}","time":"2020-05-25T00:36:48Z"}
{"level":"info","msg":"Message: Transaction Successful sent successfully to kafka@gopostman.com. Request ID: 9","time":"2020-05-25T00:36:48Z"}
{"level":"info","msg":"Caught signal interrupt: terminating","time":"2020-05-25T00:38:33Z"}
{"level":"info","msg":"Closing consumer","time":"2020-05-25T00:38:33Z"}
{"level":"info","msg":"Starting Phone Consumer......","time":"2020-05-25T00:38:36Z"}
{"level":"info","msg":"Created Consumer rdkafka#consumer-1","time":"2020-05-25T00:38:36Z"}
{"level":"info","msg":"% Message on Phone[2]@11:\n{\"request_id\":\"8\",\"topic_name\":\"Phone\",\"message_body\":\"Transaction Successful\",\"transaction_id\":\"987456321\",\"email\":\"kafka@gopostman.com\",\"phone\":\"9876543210\",\"customer_id\":\"1\",\"key\":\"123\",\"pubMessageType\":\"0\",\"pubPartition\":\"1\"}","time":"2020-05-25T00:39:01Z"}
{"level":"info","msg":"Message: Transaction Successful sent successfully to 9876543210. Request ID: 8","time":"2020-05-25T00:39:01Z"}
{"level":"info","msg":"% Message on Phone[1]@11:\n{\"request_id\":\"9\",\"topic_name\":\"Phone\",\"message_body\":\"Transaction Successful\",\"transaction_id\":\"987456321\",\"email\":\"kafka@gopostman.com\",\"phone\":\"9876543210\",\"customer_id\":\"1\",\"key\":\"123\",\"pubMessageType\":\"0\",\"pubPartition\":\"1\"}","time":"2020-05-25T00:39:06Z"}
{"level":"info","msg":"Message: Transaction Successful sent successfully to 9876543210. Request ID: 9","time":"2020-05-25T00:39:06Z"}
{"level":"info","msg":"% Message on Email[1]@23:\n{\"request_id\":\"10\",\"topic_name\":\"Email\",\"message_body\":\"Transaction Successful\",\"transaction_id\":\"987456321\",\"email\":\"kafka@gopostman.com\",\"phone\":\"9876543210\",\"customer_id\":\"1\",\"key\":\"123\",\"pubMessageType\":\"0\",\"pubPartition\":\"1\"}","time":"2020-05-25T00:39:45Z"}
{"level":"info","msg":"Message: Transaction Successful delivery to kafka@gopostman.com failed. Server Down!! Request ID: 10","time":"2020-05-25T00:39:45Z"}
{"level":"info","msg":"Retry - 1:","time":"2020-05-25T00:39:55Z"}
{"level":"info","msg":"Message: Transaction Successful delivery to kafka@gopostman.com failed. Server Down!! Request ID: 10","time":"2020-05-25T00:39:55Z"}
{"level":"info","msg":"Retry - 2:","time":"2020-05-25T00:40:05Z"}
{"level":"info","msg":"Message: Transaction Successful delivery to kafka@gopostman.com failed. Server Down!! Request ID: 10","time":"2020-05-25T00:40:05Z"}
{"level":"info","msg":"Retry - 3:","time":"2020-05-25T00:40:15Z"}
{"level":"info","msg":"Message: Transaction Successful delivery to kafka@gopostman.com failed. Server Down!! Request ID: 10","time":"2020-05-25T00:40:15Z"}
{"level":"info","msg":"Retry - 4:","time":"2020-05-25T00:40:25Z"}
{"level":"info","msg":"Message: Transaction Successful sent successfully to kafka@gopostman.com. Request ID: 10","time":"2020-05-25T00:40:25Z"}
{"level":"info","msg":"Caught signal interrupt: terminating","time":"2020-05-25T00:40:42Z"}
{"level":"info","msg":"Closing consumer","time":"2020-05-25T00:40:42Z"}
{"level":"info","msg":"Caught signal interrupt: terminating","time":"2020-05-25T00:40:45Z"}
{"level":"info","msg":"Closing consumer","time":"2020-05-25T00:40:45Z"}
{"level":"info","msg":"Starting Email Consumer......","time":"2020-05-25T07:52:32Z"}
{"level":"info","msg":"Created Consumer rdkafka#consumer-1","time":"2020-05-25T07:52:32Z"}
{"level":"info","msg":"Starting Phone Consumer......","time":"2020-05-25T07:52:39Z"}
{"level":"info","msg":"Created Consumer rdkafka#consumer-1","time":"2020-05-25T07:52:39Z"}
{"level":"info","msg":"% Message on Email[1]@24:\n{\"request_id\":\"1\",\"topic_name\":\"Email\",\"message_body\":\"Transaction Successful\",\"transaction_id\":\"987456321\",\"email\":\"kafka@gopostman.com\",\"phone\":\"9876543210\",\"customer_id\":\"1\",\"key\":\"123\",\"pubMessageType\":\"0\",\"pubPartition\":\"1\"}","time":"2020-05-25T07:53:11Z"}
{"level":"info","msg":"Message: Transaction Successful sent successfully to kafka@gopostman.com. Request ID: 1","time":"2020-05-25T07:53:11Z"}
{"level":"info","msg":"% Message on Phone[2]@12:\n{\"request_id\":\"1\",\"topic_name\":\"Phone\",\"message_body\":\"Transaction Successful\",\"transaction_id\":\"987456321\",\"email\":\"kafka@gopostman.com\",\"phone\":\"9876543210\",\"customer_id\":\"1\",\"key\":\"123\",\"pubMessageType\":\"0\",\"pubPartition\":\"1\"}","time":"2020-05-25T07:53:20Z"}
{"level":"info","msg":"Message: Transaction Successful sent successfully to 9876543210. Request ID: 1","time":"2020-05-25T07:53:20Z"}
{"level":"info","msg":"% Message on Email[3]@24:\n{\"request_id\":\"2\",\"topic_name\":\"Email\",\"message_body\":\"Transaction Successful\",\"transaction_id\":\"987456321\",\"email\":\"kafka@gopostman.com\",\"phone\":\"9876543210\",\"customer_id\":\"1\",\"key\":\"123\",\"pubMessageType\":\"0\",\"pubPartition\":\"1\"}","time":"2020-05-25T07:53:30Z"}
{"level":"info","msg":"Message: Transaction Successful sent successfully to kafka@gopostman.com. Request ID: 2","time":"2020-05-25T07:53:30Z"}
{"level":"info","msg":"% Message on Phone[0]@13:\n{\"request_id\":\"2\",\"topic_name\":\"Phone\",\"message_body\":\"Transaction Successful\",\"transaction_id\":\"987456321\",\"email\":\"kafka@gopostman.com\",\"phone\":\"9876543210\",\"customer_id\":\"1\",\"key\":\"123\",\"pubMessageType\":\"0\",\"pubPartition\":\"1\"}","time":"2020-05-25T07:53:38Z"}
{"level":"info","msg":"Message: Transaction Successful sent successfully to 9876543210. Request ID: 2","time":"2020-05-25T07:53:38Z"}
{"level":"info","msg":"Caught signal interrupt: terminating","time":"2020-05-25T07:54:30Z"}
{"level":"info","msg":"Closing consumer","time":"2020-05-25T07:54:30Z"}
{"level":"info","msg":"Caught signal interrupt: terminating","time":"2020-05-25T07:54:31Z"}
{"level":"info","msg":"Closing consumer","time":"2020-05-25T07:54:31Z"}
{"level":"info","msg":"Starting Email Consumer......","time":"2020-05-25T11:50:05Z"}
{"level":"info","msg":"Created Consumer rdkafka#consumer-1","time":"2020-05-25T11:50:05Z"}
{"level":"info","msg":"Starting Phone Consumer......","time":"2020-05-25T11:50:06Z"}
{"level":"info","msg":"Created Consumer rdkafka#consumer-1","time":"2020-05-25T11:50:06Z"}
{"level":"info","msg":"% Message on Phone[1]@12:\n{\"request_id\":\"2\",\"topic_name\":\"Phone\",\"message_body\":\"Transaction Successful\",\"transaction_id\":\"987456321\",\"email\":\"kafka@gopostman.com\",\"phone\":\"9876543210\",\"customer_id\":\"1\",\"key\":\"123\",\"pubMessageType\":\"0\",\"pubPartition\":\"1\"}","time":"2020-05-25T11:50:28Z"}
{"level":"info","msg":"Message: Transaction Successful sent successfully to 9876543210. Request ID: 2","time":"2020-05-25T11:50:28Z"}
{"level":"info","msg":"% Message on Email[2]@17:\n{\"request_id\":\"2\",\"topic_name\":\"Email\",\"message_body\":\"Transaction Successful\",\"transaction_id\":\"987456321\",\"email\":\"kafka@gopostman.com\",\"phone\":\"9876543210\",\"customer_id\":\"1\",\"key\":\"123\",\"pubMessageType\":\"0\",\"pubPartition\":\"1\"}","time":"2020-05-25T11:50:46Z"}
{"level":"info","msg":"Message: Transaction Successful sent successfully to kafka@gopostman.com. Request ID: 2","time":"2020-05-25T11:50:46Z"}
{"level":"info","msg":"% Message on Phone[1]@13:\n{\"request_id\":\"3\",\"topic_name\":\"Phone\",\"message_body\":\"Transaction Successful\",\"transaction_id\":\"987456321\",\"email\":\"kafka@gopostman.com\",\"phone\":\"9876543210\",\"customer_id\":\"1\",\"key\":\"123\",\"pubMessageType\":\"0\",\"pubPartition\":\"1\"}","time":"2020-05-25T11:51:15Z"}
{"level":"info","msg":"Message: Transaction Successful sent successfully to 9876543210. Request ID: 3","time":"2020-05-25T11:51:15Z"}
{"level":"info","msg":"% Message on Email[2]@18:\n{\"request_id\":\"3\",\"topic_name\":\"Email\",\"message_body\":\"Transaction Successful\",\"transaction_id\":\"987456321\",\"email\":\"kafka@gopostman.com\",\"phone\":\"9876543210\",\"customer_id\":\"1\",\"key\":\"123\",\"pubMessageType\":\"0\",\"pubPartition\":\"1\"}","time":"2020-05-25T11:51:38Z"}
{"level":"info","msg":"Message: Transaction Successful sent successfully to kafka@gopostman.com. Request ID: 3","time":"2020-05-25T11:51:38Z"}
{"level":"info","msg":"Caught signal interrupt: terminating","time":"2020-05-25T11:51:47Z"}
{"level":"info","msg":"Closing consumer","time":"2020-05-25T11:51:47Z"}
{"level":"info","msg":"Caught signal interrupt: terminating","time":"2020-05-25T11:51:49Z"}
{"level":"info","msg":"Closing consumer","time":"2020-05-25T11:51:49Z"}
{"level":"info","msg":"Starting Email Consumer......","time":"2020-05-25T11:57:26Z"}
{"level":"info","msg":"Created Consumer rdkafka#consumer-1","time":"2020-05-25T11:57:26Z"}
{"level":"info","msg":"% Message on Email[1]@25:\n{\"request_id\":\"4\",\"topic_name\":\"Email\",\"message_body\":\"Transaction Successful\",\"transaction_id\":\"987456321\",\"email\":\"kafka@gopostman.com\",\"phone\":\"9876543210\",\"customer_id\":\"1\",\"key\":\"123\",\"pubMessageType\":\"0\",\"pubPartition\":\"1\"}","time":"2020-05-25T11:57:29Z"}
{"level":"info","msg":"Message: Transaction Successful sent successfully to kafka@gopostman.com. Request ID: 4","time":"2020-05-25T11:57:29Z"}
{"level":"info","msg":"% Message on Email[1]@26:\n{\"request_id\":\"6\",\"topic_name\":\"Email\",\"message_body\":\"Transaction Successful\",\"transaction_id\":\"987456321\",\"email\":\"kafka@gopostman.com\",\"phone\":\"9876543210\",\"customer_id\":\"1\",\"key\":\"123\",\"pubMessageType\":\"0\",\"pubPartition\":\"1\"}","time":"2020-05-25T11:57:29Z"}
{"level":"info","msg":"Message: Transaction Successful sent successfully to kafka@gopostman.com. Request ID: 6","time":"2020-05-25T11:57:29Z"}
{"level":"info","msg":"% Message on Email[3]@25:\n{\"request_id\":\"5\",\"topic_name\":\"Email\",\"message_body\":\"Transaction Successful\",\"transaction_id\":\"987456321\",\"email\":\"kafka@gopostman.com\",\"phone\":\"9876543210\",\"customer_id\":\"1\",\"key\":\"123\",\"pubMessageType\":\"0\",\"pubPartition\":\"1\"}","time":"2020-05-25T11:57:30Z"}
{"level":"info","msg":"Message: Transaction Successful sent successfully to kafka@gopostman.com. Request ID: 5","time":"2020-05-25T11:57:30Z"}
{"level":"info","msg":"Starting Phone Consumer......","time":"2020-05-25T11:57:31Z"}
{"level":"info","msg":"Created Consumer rdkafka#consumer-1","time":"2020-05-25T11:57:31Z"}
{"level":"info","msg":"% Message on Phone[0]@14:\n{\"request_id\":\"5\",\"topic_name\":\"Phone\",\"message_body\":\"Transaction Successful\",\"transaction_id\":\"987456321\",\"email\":\"kafka@gopostman.com\",\"phone\":\"9876543210\",\"customer_id\":\"1\",\"key\":\"123\",\"pubMessageType\":\"0\",\"pubPartition\":\"1\"}","time":"2020-05-25T11:57:34Z"}
{"level":"info","msg":"Message: Transaction Successful sent successfully to 9876543210. Request ID: 5","time":"2020-05-25T11:57:34Z"}
{"level":"info","msg":"Caught signal interrupt: terminating","time":"2020-05-25T11:57:55Z"}
{"level":"info","msg":"Closing consumer","time":"2020-05-25T11:57:55Z"}
{"level":"info","msg":"Caught signal interrupt: terminating","time":"2020-05-25T11:57:56Z"}
{"level":"info","msg":"Closing consumer","time":"2020-05-25T11:57:56Z"}
{"level":"info","msg":"Starting Phone Consumer......","time":"2020-05-25T11:58:34Z"}
{"level":"info","msg":"Created Consumer rdkafka#consumer-1","time":"2020-05-25T11:58:34Z"}
{"level":"info","msg":"% Message on Phone[0]@15:\n{\"request_id\":\"9\",\"topic_name\":\"Phone\",\"message_body\":\"Transaction Successful\",\"transaction_id\":\"987456321\",\"email\":\"kafka@gopostman.com\",\"phone\":\"9876543210\",\"customer_id\":\"1\",\"key\":\"123\",\"pubMessageType\":\"0\",\"pubPartition\":\"1\"}","time":"2020-05-25T11:58:37Z"}
{"level":"info","msg":"Message: Transaction Successful sent successfully to 9876543210. Request ID: 9","time":"2020-05-25T11:58:37Z"}
{"level":"info","msg":"% Message on Phone[2]@13:\n{\"request_id\":\"7\",\"topic_name\":\"Phone\",\"message_body\":\"Transaction Successful\",\"transaction_id\":\"987456321\",\"email\":\"kafka@gopostman.com\",\"phone\":\"9876543210\",\"customer_id\":\"1\",\"key\":\"123\",\"pubMessageType\":\"0\",\"pubPartition\":\"1\"}","time":"2020-05-25T11:58:38Z"}
{"level":"info","msg":"Message: Transaction Successful sent successfully to 9876543210. Request ID: 7","time":"2020-05-25T11:58:38Z"}
{"level":"info","msg":"% Message on Phone[1]@14:\n{\"request_id\":\"6\",\"topic_name\":\"Phone\",\"message_body\":\"Transaction Successful\",\"transaction_id\":\"987456321\",\"email\":\"kafka@gopostman.com\",\"phone\":\"9876543210\",\"customer_id\":\"1\",\"key\":\"123\",\"pubMessageType\":\"0\",\"pubPartition\":\"1\"}","time":"2020-05-25T11:58:38Z"}
{"level":"info","msg":"Message: Transaction Successful sent successfully to 9876543210. Request ID: 6","time":"2020-05-25T11:58:38Z"}
{"level":"info","msg":"% Message on Phone[1]@15:\n{\"request_id\":\"8\",\"topic_name\":\"Phone\",\"message_body\":\"Transaction Successful\",\"transaction_id\":\"987456321\",\"email\":\"kafka@gopostman.com\",\"phone\":\"9876543210\",\"customer_id\":\"1\",\"key\":\"123\",\"pubMessageType\":\"0\",\"pubPartition\":\"1\"}","time":"2020-05-25T11:58:38Z"}
{"level":"info","msg":"Message: Transaction Successful sent successfully to 9876543210. Request ID: 8","time":"2020-05-25T11:58:38Z"}
{"level":"info","msg":"% Message on Phone[1]@16:\n{\"request_id\":\"10\",\"topic_name\":\"Phone\",\"message_body\":\"Transaction Successful\",\"transaction_id\":\"987456321\",\"email\":\"kafka@gopostman.com\",\"phone\":\"9876543210\",\"customer_id\":\"1\",\"key\":\"123\",\"pubMessageType\":\"0\",\"pubPartition\":\"1\"}","time":"2020-05-25T11:58:38Z"}
{"level":"info","msg":"Message: Transaction Successful sent successfully to 9876543210. Request ID: 10","time":"2020-05-25T11:58:38Z"}
{"level":"info","msg":"% Message on Phone[2]@14:\n{\"request_id\":\"10\",\"topic_name\":\"Phone\",\"message_body\":\"Transaction Successful\",\"transaction_id\":\"987456321\",\"email\":\"kafka@gopostman.com\",\"phone\":\"9876543210\",\"customer_id\":\"1\",\"key\":\"123\",\"pubMessageType\":\"0\",\"pubPartition\":\"1\"}","time":"2020-05-25T11:59:14Z"}
{"level":"info","msg":"Message: Transaction Successful sent successfully to 9876543210. Request ID: 10","time":"2020-05-25T11:59:14Z"}
{"level":"info","msg":"% Message on Phone[2]@15:\n{\"request_id\":\"11\",\"topic_name\":\"Phone\",\"message_body\":\"Transaction Successful\",\"transaction_id\":\"987456321\",\"email\":\"kafka@gopostman.com\",\"phone\":\"9876543210\",\"customer_id\":\"1\",\"key\":\"123\",\"pubMessageType\":\"0\",\"pubPartition\":\"1\"}","time":"2020-05-25T11:59:30Z"}
{"level":"info","msg":"Message: Transaction Successful sent successfully to 9876543210. Request ID: 11","time":"2020-05-25T11:59:30Z"}
{"level":"info","msg":"% Message on Phone[3]@13:\n{\"request_id\":\"12\",\"topic_name\":\"Phone\",\"message_body\":\"Transaction Successful\",\"transaction_id\":\"987456321\",\"email\":\"kafka@gopostman.com\",\"phone\":\"9876543210\",\"customer_id\":\"1\",\"key\":\"123\",\"pubMessageType\":\"0\",\"pubPartition\":\"1\"}","time":"2020-05-25T11:59:34Z"}
{"level":"info","msg":"Message: Transaction Successful sent successfully to 9876543210. Request ID: 12","time":"2020-05-25T11:59:34Z"}
{"level":"info","msg":"Starting Email Consumer......","time":"2020-05-25T11:59:59Z"}
{"level":"info","msg":"Created Consumer rdkafka#consumer-1","time":"2020-05-25T11:59:59Z"}
{"level":"info","msg":"% Message on Email[2]@19:\n{\"request_id\":\"11\",\"topic_name\":\"Email\",\"message_body\":\"Transaction Successful\",\"transaction_id\":\"987456321\",\"email\":\"kafka@gopostman.com\",\"phone\":\"9876543210\",\"customer_id\":\"1\",\"key\":\"123\",\"pubMessageType\":\"0\",\"pubPartition\":\"1\"}","time":"2020-05-25T12:00:02Z"}
{"level":"info","msg":"Message: Transaction Successful sent successfully to kafka@gopostman.com. Request ID: 11","time":"2020-05-25T12:00:02Z"}
{"level":"info","msg":"% Message on Email[2]@20:\n{\"request_id\":\"12\",\"topic_name\":\"Email\",\"message_body\":\"Transaction Successful\",\"transaction_id\":\"987456321\",\"email\":\"kafka@gopostman.com\",\"phone\":\"9876543210\",\"customer_id\":\"1\",\"key\":\"123\",\"pubMessageType\":\"0\",\"pubPartition\":\"1\"}","time":"2020-05-25T12:00:03Z"}
{"level":"info","msg":"Message: Transaction Successful sent successfully to kafka@gopostman.com. Request ID: 12","time":"2020-05-25T12:00:03Z"}
{"level":"info","msg":"% Message on Email[0]@14:\n{\"request_id\":\"10\",\"topic_name\":\"Email\",\"message_body\":\"Transaction Successful\",\"transaction_id\":\"987456321\",\"email\":\"kafka@gopostman.com\",\"phone\":\"9876543210\",\"customer_id\":\"1\",\"key\":\"123\",\"pubMessageType\":\"0\",\"pubPartition\":\"1\"}","time":"2020-05-25T12:00:03Z"}
{"level":"info","msg":"Message: Transaction Successful sent successfully to kafka@gopostman.com. Request ID: 10","time":"2020-05-25T12:00:03Z"}
{"level":"info","msg":"Caught signal interrupt: terminating","time":"2020-05-25T12:00:09Z"}
{"level":"info","msg":"Closing consumer","time":"2020-05-25T12:00:09Z"}
{"level":"info","msg":"Caught signal interrupt: terminating","time":"2020-05-25T12:00:12Z"}
{"level":"info","msg":"Closing consumer","time":"2020-05-25T12:00:12Z"}
{"level":"info","msg":"Starting Email Consumer......","time":"2020-05-25T12:00:23Z"}
{"level":"info","msg":"Created Consumer rdkafka#consumer-1","time":"2020-05-25T12:00:23Z"}
{"level":"info","msg":"Caught signal interrupt: terminating","time":"2020-05-25T12:00:24Z"}
{"level":"info","msg":"Closing consumer","time":"2020-05-25T12:00:24Z"}
{"level":"info","msg":"Starting Email Consumer......","time":"2020-05-25T12:01:56Z"}
{"level":"info","msg":"Created Consumer rdkafka#consumer-1","time":"2020-05-25T12:01:56Z"}
{"level":"info","msg":"% Message on Email[3]@26:\n{\"request_id\":\"13\",\"topic_name\":\"Email\",\"message_body\":\"Transaction Successful\",\"transaction_id\":\"987456321\",\"email\":\"kafka@gopostman.com\",\"phone\":\"9876543210\",\"customer_id\":\"1\",\"key\":\"123\",\"pubMessageType\":\"0\",\"pubPartition\":\"1\"}","time":"2020-05-25T12:01:59Z"}
{"level":"info","msg":"Message: Transaction Successful sent successfully to kafka@gopostman.com. Request ID: 13","time":"2020-05-25T12:01:59Z"}
{"level":"info","msg":"% Message on Email[2]@21:\n{\"request_id\":\"12\",\"topic_name\":\"Email\",\"message_body\":\"Transaction Successful\",\"transaction_id\":\"987456321\",\"email\":\"kafka@gopostman.com\",\"phone\":\"9876543210\",\"customer_id\":\"1\",\"key\":\"123\",\"pubMessageType\":\"0\",\"pubPartition\":\"1\"}","time":"2020-05-25T12:02:00Z"}
{"level":"info","msg":"Message: Transaction Successful sent successfully to kafka@gopostman.com. Request ID: 12","time":"2020-05-25T12:02:00Z"}
{"level":"info","msg":"% Message on Email[2]@22:\n{\"request_id\":\"14\",\"topic_name\":\"Email\",\"message_body\":\"Transaction Successful\",\"transaction_id\":\"987456321\",\"email\":\"kafka@gopostman.com\",\"phone\":\"9876543210\",\"customer_id\":\"1\",\"key\":\"123\",\"pubMessageType\":\"0\",\"pubPartition\":\"1\"}","time":"2020-05-25T12:02:00Z"}
{"level":"info","msg":"Message: Transaction Successful sent successfully to kafka@gopostman.com. Request ID: 14","time":"2020-05-25T12:02:00Z"}
{"level":"info","msg":"Starting Phone Consumer......","time":"2020-05-25T12:02:07Z"}
{"level":"info","msg":"Created Consumer rdkafka#consumer-1","time":"2020-05-25T12:02:07Z"}
{"level":"info","msg":"% Message on Phone[3]@14:\n{\"request_id\":\"13\",\"topic_name\":\"Phone\",\"message_body\":\"Transaction Successful\",\"transaction_id\":\"987456321\",\"email\":\"kafka@gopostman.com\",\"phone\":\"9876543210\",\"customer_id\":\"1\",\"key\":\"123\",\"pubMessageType\":\"0\",\"pubPartition\":\"1\"}","time":"2020-05-25T12:02:10Z"}
{"level":"info","msg":"Message: Transaction Successful sent successfully to 9876543210. Request ID: 13","time":"2020-05-25T12:02:10Z"}
{"level":"info","msg":"% Message on Phone[1]@17:\n{\"request_id\":\"12\",\"topic_name\":\"Phone\",\"message_body\":\"Transaction Successful\",\"transaction_id\":\"987456321\",\"email\":\"kafka@gopostman.com\",\"phone\":\"9876543210\",\"customer_id\":\"1\",\"key\":\"123\",\"pubMessageType\":\"0\",\"pubPartition\":\"1\"}","time":"2020-05-25T12:02:10Z"}
{"level":"info","msg":"Message: Transaction Successful sent successfully to 9876543210. Request ID: 12","time":"2020-05-25T12:02:10Z"}
{"level":"info","msg":"% Message on Phone[1]@18:\n{\"request_id\":\"14\",\"topic_name\":\"Phone\",\"message_body\":\"Transaction Successful\",\"transaction_id\":\"987456321\",\"email\":\"kafka@gopostman.com\",\"phone\":\"9876543210\",\"customer_id\":\"1\",\"key\":\"123\",\"pubMessageType\":\"0\",\"pubPartition\":\"1\"}","time":"2020-05-25T12:02:10Z"}
{"level":"info","msg":"Message: Transaction Successful sent successfully to 9876543210. Request ID: 14","time":"2020-05-25T12:02:10Z"}
{"level":"info","msg":"% Message on Email[3]@27:\n{\"request_id\":\"15\",\"topic_name\":\"Email\",\"message_body\":\"Transaction Successful\",\"transaction_id\":\"987456321\",\"email\":\"kafka@gopostman.com\",\"phone\":\"9876543210\",\"customer_id\":\"1\",\"key\":\"123\",\"pubMessageType\":\"0\",\"pubPartition\":\"1\"}","time":"2020-05-25T12:10:50Z"}
{"level":"info","msg":"Message: Transaction Successful delivery to kafka@gopostman.com failed. Server Down!! Request ID: 15","time":"2020-05-25T12:10:50Z"}
{"level":"info","msg":"Retry - 1:","time":"2020-05-25T12:11:00Z"}
{"level":"info","msg":"Message: Transaction Successful delivery to kafka@gopostman.com failed. Server Down!! Request ID: 15","time":"2020-05-25T12:11:00Z"}
{"level":"info","msg":"% Message on Phone[0]@16:\n{\"request_id\":\"15\",\"topic_name\":\"Phone\",\"message_body\":\"Transaction Successful\",\"transaction_id\":\"987456321\",\"email\":\"kafka@gopostman.com\",\"phone\":\"9876543210\",\"customer_id\":\"1\",\"key\":\"123\",\"pubMessageType\":\"0\",\"pubPartition\":\"1\"}","time":"2020-05-25T12:11:06Z"}
{"level":"info","msg":"Message: Transaction Successful delivery to 9876543210 failed. Server Down!! Request ID: 15","time":"2020-05-25T12:11:06Z"}
{"level":"info","msg":"Retry - 2:","time":"2020-05-25T12:11:10Z"}
{"level":"info","msg":"Message: Transaction Successful delivery to kafka@gopostman.com failed. Server Down!! Request ID: 15","time":"2020-05-25T12:11:10Z"}
{"level":"info","msg":"Retry - 1:","time":"2020-05-25T12:11:16Z"}
{"level":"info","msg":"Message: Transaction Successful delivery to 9876543210 failed. Server Down!! Request ID: 15","time":"2020-05-25T12:11:16Z"}
{"level":"info","msg":"Retry - 3:","time":"2020-05-25T12:11:20Z"}
{"level":"info","msg":"Message: Transaction Successful delivery to kafka@gopostman.com failed. Server Down!! Request ID: 15","time":"2020-05-25T12:11:20Z"}
{"level":"info","msg":"Retry - 2:","time":"2020-05-25T12:11:26Z"}
{"level":"info","msg":"Message: Transaction Successful delivery to 9876543210 failed. Server Down!! Request ID: 15","time":"2020-05-25T12:11:26Z"}
{"level":"info","msg":"Retry - 4:","time":"2020-05-25T12:11:30Z"}
{"level":"info","msg":"Message: Transaction Successful sent successfully to kafka@gopostman.com. Request ID: 15","time":"2020-05-25T12:11:30Z"}
{"level":"info","msg":"% Message on Email[2]@23:\n{\"request_id\":\"16\",\"topic_name\":\"Email\",\"message_body\":\"Transaction Successful\",\"transaction_id\":\"987456321\",\"email\":\"kafka@gopostman.com\",\"phone\":\"9876543210\",\"customer_id\":\"1\",\"key\":\"123\",\"pubMessageType\":\"0\",\"pubPartition\":\"1\"}","time":"2020-05-25T12:11:30Z"}
{"level":"info","msg":"Message: Transaction Successful sent successfully to kafka@gopostman.com. Request ID: 16","time":"2020-05-25T12:11:30Z"}
{"level":"info","msg":"Retry - 3:","time":"2020-05-25T12:11:36Z"}
{"level":"info","msg":"Message: Transaction Successful delivery to 9876543210 failed. Server Down!! Request ID: 15","time":"2020-05-25T12:11:36Z"}
{"level":"info","msg":"Retry - 4:","time":"2020-05-25T12:11:46Z"}
{"level":"info","msg":"Message: Transaction Successful sent successfully to 9876543210. Request ID: 15","time":"2020-05-25T12:11:46Z"}
{"level":"info","msg":"% Message on Phone[1]@19:\n{\"request_id\":\"16\",\"topic_name\":\"Phone\",\"message_body\":\"Transaction Successful\",\"transaction_id\":\"987456321\",\"email\":\"kafka@gopostman.com\",\"phone\":\"9876543210\",\"customer_id\":\"1\",\"key\":\"123\",\"pubMessageType\":\"0\",\"pubPartition\":\"1\"}","time":"2020-05-25T12:11:46Z"}
{"level":"info","msg":"Message: Transaction Successful sent successfully to 9876543210. Request ID: 16","time":"2020-05-25T12:11:46Z"}
{"level":"info","msg":"Caught signal interrupt: terminating","time":"2020-05-25T12:11:52Z"}
{"level":"info","msg":"Closing consumer","time":"2020-05-25T12:11:52Z"}
{"level":"info","msg":"Caught signal interrupt: terminating","time":"2020-05-25T12:11:55Z"}
{"level":"info","msg":"Closing consumer","time":"2020-05-25T12:11:55Z"}
{"level":"info","msg":"Starting Email Consumer......","time":"2020-05-25T16:58:14Z"}
{"level":"info","msg":"Created Consumer rdkafka#consumer-1","time":"2020-05-25T16:58:15Z"}
{"level":"info","msg":"Starting Phone Consumer......","time":"2020-05-25T16:58:18Z"}
{"level":"info","msg":"Created Consumer rdkafka#consumer-1","time":"2020-05-25T16:58:18Z"}
{"level":"info","msg":"% Message on Phone[0]@17:\n{\"request_id\":\"17\",\"topic_name\":\"Phone\",\"message_body\":\"Transaction Successful\",\"transaction_id\":\"987456321\",\"email\":\"kafka@gopostman.com\",\"phone\":\"9876543210\",\"customer_id\":\"1\",\"key\":\"123\",\"pubMessageType\":\"0\",\"pubPartition\":\"1\"}","time":"2020-05-25T16:58:31Z"}
{"level":"info","msg":"Message: Transaction Successful sent successfully to 9876543210. Request ID: 17","time":"2020-05-25T16:58:31Z"}
{"level":"info","msg":"% Message on Phone[2]@16:\n{\"request_id\":\"18\",\"topic_name\":\"Phone\",\"message_body\":\"Transaction Successful\",\"transaction_id\":\"987456321\",\"email\":\"kafka@gopostman.com\",\"phone\":\"9876543210\",\"customer_id\":\"1\",\"key\":\"123\",\"pubMessageType\":\"0\",\"pubPartition\":\"1\"}","time":"2020-05-25T16:58:34Z"}
{"level":"info","msg":"Message: Transaction Successful sent successfully to 9876543210. Request ID: 18","time":"2020-05-25T16:58:34Z"}
{"level":"info","msg":"% Message on Email[2]@24:\n{\"request_id\":\"17\",\"topic_name\":\"Email\",\"message_body\":\"Transaction Successful\",\"transaction_id\":\"987456321\",\"email\":\"kafka@gopostman.com\",\"phone\":\"9876543210\",\"customer_id\":\"1\",\"key\":\"123\",\"pubMessageType\":\"0\",\"pubPartition\":\"1\"}","time":"2020-05-25T16:58:43Z"}
{"level":"info","msg":"Message: Transaction Successful sent successfully to kafka@gopostman.com. Request ID: 17","time":"2020-05-25T16:58:43Z"}
{"level":"info","msg":"% Message on Phone[0]@18:\n{\"request_id\":\"19\",\"topic_name\":\"Phone\",\"message_body\":\"Transaction Successful\",\"transaction_id\":\"987456321\",\"email\":\"kafka@gopostman.com\",\"phone\":\"9876543210\",\"customer_id\":\"1\",\"key\":\"123\",\"pubMessageType\":\"0\",\"pubPartition\":\"1\"}","time":"2020-05-25T16:58:53Z"}
{"level":"info","msg":"Message: Transaction Successful sent successfully to 9876543210. Request ID: 19","time":"2020-05-25T16:58:53Z"}
{"level":"info","msg":"% Message on Email[2]@25:\n{\"request_id\":\"18\",\"topic_name\":\"Email\",\"message_body\":\"Transaction Successful\",\"transaction_id\":\"987456321\",\"email\":\"kafka@gopostman.com\",\"phone\":\"9876543210\",\"customer_id\":\"1\",\"key\":\"123\",\"pubMessageType\":\"0\",\"pubPartition\":\"1\"}","time":"2020-05-25T16:59:01Z"}
{"level":"info","msg":"Message: Transaction Successful sent successfully to kafka@gopostman.com. Request ID: 18","time":"2020-05-25T16:59:01Z"}
{"level":"info","msg":"Caught signal interrupt: terminating","time":"2020-05-25T16:59:13Z"}
{"level":"info","msg":"Closing consumer","time":"2020-05-25T16:59:13Z"}
{"level":"info","msg":"Caught signal interrupt: terminating","time":"2020-05-25T16:59:15Z"}
{"level":"info","msg":"Closing consumer","time":"2020-05-25T16:59:15Z"}
{"level":"info","msg":"Starting Email Consumer......","time":"2020-05-26T12:19:05Z"}
{"level":"info","msg":"Created Consumer rdkafka#consumer-1","time":"2020-05-26T12:19:05Z"}
{"level":"info","msg":"Starting Phone Consumer......","time":"2020-05-26T12:19:11Z"}
{"level":"info","msg":"Created Consumer rdkafka#consumer-1","time":"2020-05-26T12:19:11Z"}
{"level":"info","msg":"% Message on Email[0]@15:\n{\"request_id\":\"1\",\"topic_name\":\"Email\",\"message_body\":\"Transaction Successful\",\"transaction_id\":\"987456321\",\"email\":\"kafka@gopostman.com\",\"phone\":\"9876543210\",\"customer_id\":\"1\",\"key\":\"123\",\"pubMessageType\":\"0\",\"pubPartition\":\"1\"}","time":"2020-05-26T12:20:01Z"}
{"level":"info","msg":"Message: Transaction Successful sent successfully to kafka@gopostman.com. Request ID: 1","time":"2020-05-26T12:20:01Z"}
{"level":"info","msg":"% Message on Phone[0]@19:\n{\"request_id\":\"1\",\"topic_name\":\"Phone\",\"message_body\":\"Transaction Successful\",\"transaction_id\":\"987456321\",\"email\":\"kafka@gopostman.com\",\"phone\":\"9876543210\",\"customer_id\":\"1\",\"key\":\"123\",\"pubMessageType\":\"0\",\"pubPartition\":\"1\"}","time":"2020-05-26T12:20:24Z"}
{"level":"info","msg":"Message: Transaction Successful sent successfully to 9876543210. Request ID: 1","time":"2020-05-26T12:20:24Z"}
{"level":"info","msg":"% Message on Email[0]@16:\n{\"request_id\":\"2\",\"topic_name\":\"Email\",\"message_body\":\"Transaction Successful\",\"transaction_id\":\"987456321\",\"email\":\"kafka@gopostman.com\",\"phone\":\"9876543210\",\"customer_id\":\"1\",\"key\":\"123\",\"pubMessageType\":\"0\",\"pubPartition\":\"1\"}","time":"2020-05-26T12:24:46Z"}
{"level":"info","msg":"Message: Transaction Successful delivery to kafka@gopostman.com failed. Server Down!! Request ID: 2","time":"2020-05-26T12:24:46Z"}
{"level":"info","msg":"Retry - 1:","time":"2020-05-26T12:24:56Z"}
{"level":"info","msg":"Message: Transaction Successful delivery to kafka@gopostman.com failed. Server Down!! Request ID: 2","time":"2020-05-26T12:24:56Z"}
{"level":"info","msg":"% Message on Phone[0]@20:\n{\"request_id\":\"2\",\"topic_name\":\"Phone\",\"message_body\":\"Transaction Successful\",\"transaction_id\":\"987456321\",\"email\":\"kafka@gopostman.com\",\"phone\":\"9876543210\",\"customer_id\":\"1\",\"key\":\"123\",\"pubMessageType\":\"0\",\"pubPartition\":\"1\"}","time":"2020-05-26T12:24:56Z"}
{"level":"info","msg":"Message: Transaction Successful delivery to 9876543210 failed. Server Down!! Request ID: 2","time":"2020-05-26T12:24:56Z"}
{"level":"info","msg":"Retry - 2:","time":"2020-05-26T12:25:06Z"}
{"level":"info","msg":"Message: Transaction Successful delivery to kafka@gopostman.com failed. Server Down!! Request ID: 2","time":"2020-05-26T12:25:06Z"}
{"level":"info","msg":"Retry - 1:","time":"2020-05-26T12:25:06Z"}
{"level":"info","msg":"Message: Transaction Successful delivery to 9876543210 failed. Server Down!! Request ID: 2","time":"2020-05-26T12:25:06Z"}
{"level":"info","msg":"Retry - 3:","time":"2020-05-26T12:25:16Z"}
{"level":"info","msg":"Message: Transaction Successful delivery to kafka@gopostman.com failed. Server Down!! Request ID: 2","time":"2020-05-26T12:25:16Z"}
{"level":"info","msg":"Retry - 2:","time":"2020-05-26T12:25:16Z"}
{"level":"info","msg":"Message: Transaction Successful delivery to 9876543210 failed. Server Down!! Request ID: 2","time":"2020-05-26T12:25:16Z"}
{"level":"info","msg":"Retry - 4:","time":"2020-05-26T12:25:26Z"}
{"level":"info","msg":"Message: Transaction Successful sent successfully to kafka@gopostman.com. Request ID: 2","time":"2020-05-26T12:25:26Z"}
{"level":"info","msg":"Retry - 3:","time":"2020-05-26T12:25:26Z"}
{"level":"info","msg":"Message: Transaction Successful delivery to 9876543210 failed. Server Down!! Request ID: 2","time":"2020-05-26T12:25:26Z"}
{"level":"info","msg":"Retry - 4:","time":"2020-05-26T12:25:36Z"}
{"level":"info","msg":"Message: Transaction Successful sent successfully to 9876543210. Request ID: 2","time":"2020-05-26T12:25:36Z"}
{"level":"info","msg":"% Message on Email[1]@27:\n{\"request_id\":\"3\",\"topic_name\":\"Email\",\"message_body\":\"Transaction Successful\",\"transaction_id\":\"987456321\",\"email\":\"kafka@gopostman.com\",\"phone\":\"9876543210\",\"customer_id\":\"1\",\"key\":\"123\",\"pubMessageType\":\"0\",\"pubPartition\":\"1\"}","time":"2020-05-26T12:27:16Z"}
{"level":"info","msg":"Message: Transaction Successful sent successfully to kafka@gopostman.com. Request ID: 3","time":"2020-05-26T12:27:16Z"}
{"level":"info","msg":"% Message on Phone[2]@17:\n{\"request_id\":\"4\",\"topic_name\":\"Phone\",\"message_body\":\"Transaction Successful\",\"transaction_id\":\"987456321\",\"email\":\"kafka@gopostman.com\",\"phone\":\"9876543210\",\"customer_id\":\"1\",\"key\":\"123\",\"pubMessageType\":\"0\",\"pubPartition\":\"1\"}","time":"2020-05-26T12:27:24Z"}
{"level":"info","msg":"Message: Transaction Successful sent successfully to 9876543210. Request ID: 4","time":"2020-05-26T12:27:24Z"}
{"level":"info","msg":"Caught signal interrupt: terminating","time":"2020-05-26T12:27:31Z"}
{"level":"info","msg":"Closing consumer","time":"2020-05-26T12:27:31Z"}
{"level":"info","msg":"Caught signal interrupt: terminating","time":"2020-05-26T12:27:32Z"}
{"level":"info","msg":"Closing consumer","time":"2020-05-26T12:27:32Z"}
